Flow report for VendingMachine
Fri Sep 08 00:09:11 2023
Quartus II Version 9.1 Build 350 03/24/2010 Service Pack 2 SJ Web Edition


---------------------
; Table of Contents ;
---------------------
  1. Legal Notice
  2. Flow Summary
  3. Flow Settings
  4. Flow Non-Default Global Settings
  5. Flow Elapsed Time
  6. Flow OS Summary
  7. Flow Log



----------------
; Legal Notice ;
----------------
Copyright (C) 1991-2010 Altera Corporation
Your use of Altera Corporation's design tools, logic functions 
and other software and tools, and its AMPP partner logic 
functions, and any output files from any of the foregoing 
(including device programming or simulation files), and any 
associated documentation or information are expressly subject 
to the terms and conditions of the Altera Program License 
Subscription Agreement, Altera MegaCore Function License 
Agreement, or other applicable license agreement, including, 
without limitation, that your use is for the sole purpose of 
programming logic devices manufactured by Altera and sold by 
Altera or its authorized distributors.  Please refer to the 
applicable agreement for further details.



+-----------------------------------------------------------------------------------+
; Flow Summary                                                                      ;
+------------------------------------+----------------------------------------------+
; Flow Status                        ; Successful - Fri Sep 08 00:09:10 2023        ;
; Quartus II Version                 ; 9.1 Build 350 03/24/2010 SP 2 SJ Web Edition ;
; Revision Name                      ; VendingMachine                               ;
; Top-level Entity Name              ; VendingMachine                               ;
; Family                             ; Cyclone II                                   ;
; Device                             ; EP2C70F896C6                                 ;
; Timing Models                      ; Final                                        ;
; Met timing requirements            ; No                                           ;
; Total logic elements               ; 412 / 68,416 ( < 1 % )                       ;
;     Total combinational functions  ; 412 / 68,416 ( < 1 % )                       ;
;     Dedicated logic registers      ; 72 / 68,416 ( < 1 % )                        ;
; Total registers                    ; 72                                           ;
; Total pins                         ; 106 / 622 ( 17 % )                           ;
; Total virtual pins                 ; 0                                            ;
; Total memory bits                  ; 0 / 1,152,000 ( 0 % )                        ;
; Embedded Multiplier 9-bit elements ; 0 / 300 ( 0 % )                              ;
; Total PLLs                         ; 0 / 4 ( 0 % )                                ;
+------------------------------------+----------------------------------------------+


+-----------------------------------------+
; Flow Settings                           ;
+-------------------+---------------------+
; Option            ; Setting             ;
+-------------------+---------------------+
; Start date & time ; 09/08/2023 00:09:00 ;
; Main task         ; Compilation         ;
; Revision Name     ; VendingMachine      ;
+-------------------+---------------------+


+--------------------------------------------------------------------------------------------------------------------------------------------------------+
; Flow Non-Default Global Settings                                                                                                                       ;
+------------------------------------+--------------------------------------------------------------------+---------------+-------------+----------------+
; Assignment Name                    ; Value                                                              ; Default Value ; Entity Name ; Section Id     ;
+------------------------------------+--------------------------------------------------------------------+---------------+-------------+----------------+
; COMPILER_SIGNATURE_ID              ; 185479160770092.169410294021776                                    ; --            ; --          ; --             ;
; MAX_CORE_JUNCTION_TEMP             ; 85                                                                 ; --            ; --          ; --             ;
; MIN_CORE_JUNCTION_TEMP             ; 0                                                                  ; --            ; --          ; --             ;
; MISC_FILE                          ; E:/学习/   值 路/       /VendingMachine_9_5_(1)/VendingMachine.dpf ; --            ; --          ; --             ;
; MISC_FILE                          ; E:/学习/   值 路/       /VendingMachine_Git/VendingMachine.dpf     ; --            ; --          ; --             ;
; MISC_FILE                          ; E:/学习/数字电路/数电课设/VendingMachine_Git/VendingMachine.dpf    ; --            ; --          ; --             ;
; PARTITION_COLOR                    ; 16764057                                                           ; --            ; --          ; Top            ;
; PARTITION_NETLIST_TYPE             ; SOURCE                                                             ; --            ; --          ; Top            ;
; PROJECT_OUTPUT_DIRECTORY           ; .\release                                                          ; --            ; --          ; --             ;
; USE_GENERATED_PHYSICAL_CONSTRAINTS ; Off                                                                ; --            ; --          ; eda_blast_fpga ;
+------------------------------------+--------------------------------------------------------------------+---------------+-------------+----------------+


+-----------------------------------------------------------------------------------------------------------------------------+
; Flow Elapsed Time                                                                                                           ;
+-------------------------+--------------+-------------------------+---------------------+------------------------------------+
; Module Name             ; Elapsed Time ; Average Processors Used ; Peak Virtual Memory ; Total CPU Time (on all processors) ;
+-------------------------+--------------+-------------------------+---------------------+------------------------------------+
; Analysis & Synthesis    ; 00:00:01     ; 1.0                     ; 234 MB              ; 00:00:00                           ;
; Fitter                  ; 00:00:05     ; 1.0                     ; 383 MB              ; 00:00:01                           ;
; Assembler               ; 00:00:02     ; 1.0                     ; 348 MB              ; 00:00:01                           ;
; Classic Timing Analyzer ; 00:00:00     ; 1.0                     ; 182 MB              ; 00:00:00                           ;
; Total                   ; 00:00:08     ; --                      ; --                  ; 00:00:02                           ;
+-------------------------+--------------+-------------------------+---------------------+------------------------------------+


+------------------------------------------------------------------------------------------+
; Flow OS Summary                                                                          ;
+-------------------------+------------------+---------------+------------+----------------+
; Module Name             ; Machine Hostname ; OS Name       ; OS Version ; Processor type ;
+-------------------------+------------------+---------------+------------+----------------+
; Analysis & Synthesis    ; LAPTOP-KNQ616R2  ; Windows Vista ; 6.2        ; x86_64         ;
; Fitter                  ; LAPTOP-KNQ616R2  ; Windows Vista ; 6.2        ; x86_64         ;
; Assembler               ; LAPTOP-KNQ616R2  ; Windows Vista ; 6.2        ; x86_64         ;
; Classic Timing Analyzer ; LAPTOP-KNQ616R2  ; Windows Vista ; 6.2        ; x86_64         ;
+-------------------------+------------------+---------------+------------+----------------+


------------
; Flow Log ;
------------
quartus_map --read_settings_files=on --write_settings_files=off VendingMachine -c VendingMachine
quartus_fit --read_settings_files=off --write_settings_files=off VendingMachine -c VendingMachine
quartus_asm --read_settings_files=off --write_settings_files=off VendingMachine -c VendingMachine
quartus_tan --read_settings_files=off --write_settings_files=off VendingMachine -c VendingMachine --timing_analysis_only



