Analysis & Synthesis report for VendingMachine
Fri Sep 08 10:10:52 2023
Quartus II Version 9.1 Build 350 03/24/2010 Service Pack 2 SJ Web Edition


---------------------
; Table of Contents ;
---------------------
  1. Legal Notice
  2. Analysis & Synthesis Summary
  3. Analysis & Synthesis Settings
  4. Parallel Compilation
  5. Analysis & Synthesis Source Files Read
  6. Analysis & Synthesis Resource Usage Summary
  7. Analysis & Synthesis Resource Utilization by Entity
  8. State Machine - |VendingMachine|VendingMachineController:controller|state
  9. Registers Removed During Synthesis
 10. General Register Statistics
 11. Multiplexer Restructuring Statistics (Restructuring Performed)
 12. Port Connectivity Checks: "VendingMachineController:controller"
 13. Analysis & Synthesis Messages



----------------
; Legal Notice ;
----------------
Copyright (C) 1991-2010 Altera Corporation
Your use of Altera Corporation's design tools, logic functions 
and other software and tools, and its AMPP partner logic 
functions, and any output files from any of the foregoing 
(including device programming or simulation files), and any 
associated documentation or information are expressly subject 
to the terms and conditions of the Altera Program License 
Subscription Agreement, Altera MegaCore Function License 
Agreement, or other applicable license agreement, including, 
without limitation, that your use is for the sole purpose of 
programming logic devices manufactured by Altera and sold by 
Altera or its authorized distributors.  Please refer to the 
applicable agreement for further details.



+-----------------------------------------------------------------------------------+
; Analysis & Synthesis Summary                                                      ;
+------------------------------------+----------------------------------------------+
; Analysis & Synthesis Status        ; Successful - Fri Sep 08 10:10:52 2023        ;
; Quartus II Version                 ; 9.1 Build 350 03/24/2010 SP 2 SJ Web Edition ;
; Revision Name                      ; VendingMachine                               ;
; Top-level Entity Name              ; VendingMachine                               ;
; Family                             ; Cyclone II                                   ;
; Total logic elements               ; 108                                          ;
;     Total combinational functions  ; 103                                          ;
;     Dedicated logic registers      ; 66                                           ;
; Total registers                    ; 66                                           ;
; Total pins                         ; 87                                           ;
; Total virtual pins                 ; 0                                            ;
; Total memory bits                  ; 0                                            ;
; Embedded Multiplier 9-bit elements ; 0                                            ;
; Total PLLs                         ; 0                                            ;
+------------------------------------+----------------------------------------------+


+----------------------------------------------------------------------------------------------------------------------+
; Analysis & Synthesis Settings                                                                                        ;
+----------------------------------------------------------------------------+--------------------+--------------------+
; Option                                                                     ; Setting            ; Default Value      ;
+----------------------------------------------------------------------------+--------------------+--------------------+
; Device                                                                     ; EP2C70F896C6       ;                    ;
; Top-level entity name                                                      ; VendingMachine     ; VendingMachine     ;
; Family name                                                                ; Cyclone II         ; Stratix II         ;
; Use Generated Physical Constraints File                                    ; Off                ;                    ;
; Use smart compilation                                                      ; Off                ; Off                ;
; Enable parallel Assembler and TimeQuest Timing Analyzer during compilation ; On                 ; On                 ;
; Enable compact report table                                                ; Off                ; Off                ;
; Restructure Multiplexers                                                   ; Auto               ; Auto               ;
; Create Debugging Nodes for IP Cores                                        ; Off                ; Off                ;
; Preserve fewer node names                                                  ; On                 ; On                 ;
; Disable OpenCore Plus hardware evaluation                                  ; Off                ; Off                ;
; Verilog Version                                                            ; Verilog_2001       ; Verilog_2001       ;
; VHDL Version                                                               ; VHDL_1993          ; VHDL_1993          ;
; State Machine Processing                                                   ; Auto               ; Auto               ;
; Safe State Machine                                                         ; Off                ; Off                ;
; Extract Verilog State Machines                                             ; On                 ; On                 ;
; Extract VHDL State Machines                                                ; On                 ; On                 ;
; Ignore Verilog initial constructs                                          ; Off                ; Off                ;
; Iteration limit for constant Verilog loops                                 ; 5000               ; 5000               ;
; Iteration limit for non-constant Verilog loops                             ; 250                ; 250                ;
; Add Pass-Through Logic to Inferred RAMs                                    ; On                 ; On                 ;
; Parallel Synthesis                                                         ; On                 ; On                 ;
; DSP Block Balancing                                                        ; Auto               ; Auto               ;
; NOT Gate Push-Back                                                         ; On                 ; On                 ;
; Power-Up Don't Care                                                        ; On                 ; On                 ;
; Remove Redundant Logic Cells                                               ; Off                ; Off                ;
; Remove Duplicate Registers                                                 ; On                 ; On                 ;
; Ignore CARRY Buffers                                                       ; Off                ; Off                ;
; Ignore CASCADE Buffers                                                     ; Off                ; Off                ;
; Ignore GLOBAL Buffers                                                      ; Off                ; Off                ;
; Ignore ROW GLOBAL Buffers                                                  ; Off                ; Off                ;
; Ignore LCELL Buffers                                                       ; Off                ; Off                ;
; Ignore SOFT Buffers                                                        ; On                 ; On                 ;
; Limit AHDL Integers to 32 Bits                                             ; Off                ; Off                ;
; Optimization Technique                                                     ; Balanced           ; Balanced           ;
; Carry Chain Length                                                         ; 70                 ; 70                 ;
; Auto Carry Chains                                                          ; On                 ; On                 ;
; Auto Open-Drain Pins                                                       ; On                 ; On                 ;
; Perform WYSIWYG Primitive Resynthesis                                      ; Off                ; Off                ;
; Auto ROM Replacement                                                       ; On                 ; On                 ;
; Auto RAM Replacement                                                       ; On                 ; On                 ;
; Auto Shift Register Replacement                                            ; Auto               ; Auto               ;
; Auto Clock Enable Replacement                                              ; On                 ; On                 ;
; Strict RAM Replacement                                                     ; Off                ; Off                ;
; Allow Synchronous Control Signals                                          ; On                 ; On                 ;
; Force Use of Synchronous Clear Signals                                     ; Off                ; Off                ;
; Auto RAM to Logic Cell Conversion                                          ; Off                ; Off                ;
; Auto Resource Sharing                                                      ; Off                ; Off                ;
; Allow Any RAM Size For Recognition                                         ; Off                ; Off                ;
; Allow Any ROM Size For Recognition                                         ; Off                ; Off                ;
; Allow Any Shift Register Size For Recognition                              ; Off                ; Off                ;
; Use LogicLock Constraints during Resource Balancing                        ; On                 ; On                 ;
; Ignore translate_off and synthesis_off directives                          ; Off                ; Off                ;
; Timing-Driven Synthesis                                                    ; Off                ; Off                ;
; Show Parameter Settings Tables in Synthesis Report                         ; On                 ; On                 ;
; Ignore Maximum Fan-Out Assignments                                         ; Off                ; Off                ;
; Synchronization Register Chain Length                                      ; 2                  ; 2                  ;
; PowerPlay Power Optimization                                               ; Normal compilation ; Normal compilation ;
; HDL message level                                                          ; Level2             ; Level2             ;
; Suppress Register Optimization Related Messages                            ; Off                ; Off                ;
; Number of Removed Registers Reported in Synthesis Report                   ; 5000               ; 5000               ;
; Number of Inverted Registers Reported in Synthesis Report                  ; 100                ; 100                ;
; Clock MUX Protection                                                       ; On                 ; On                 ;
; Auto Gated Clock Conversion                                                ; Off                ; Off                ;
; Block Design Naming                                                        ; Auto               ; Auto               ;
; SDC constraint protection                                                  ; Off                ; Off                ;
; Synthesis Effort                                                           ; Auto               ; Auto               ;
; Shift Register Replacement - Allow Asynchronous Clear Signal               ; On                 ; On                 ;
; Analysis & Synthesis Message Level                                         ; Medium             ; Medium             ;
; Disable Register Merging Across Hierarchies                                ; Auto               ; Auto               ;
; Resource Aware Inference For Block RAM                                     ; On                 ; On                 ;
+----------------------------------------------------------------------------+--------------------+--------------------+


Parallel compilation was disabled, but you have multiple processors available. Enable parallel compilation to reduce compilation time.
+-------------------------------------+
; Parallel Compilation                ;
+----------------------------+--------+
; Processors                 ; Number ;
+----------------------------+--------+
; Number detected on machine ; 12     ;
; Maximum allowed            ; 1      ;
+----------------------------+--------+


+-------------------------------------------------------------------------------------------------------------------------------------------------------+
; Analysis & Synthesis Source Files Read                                                                                                                ;
+----------------------------------+-----------------+------------------------+-------------------------------------------------------------------------+
; File Name with User-Entered Path ; Used in Netlist ; File Type              ; File Name with Absolute Path                                            ;
+----------------------------------+-----------------+------------------------+-------------------------------------------------------------------------+
; VendingMachine.v                 ; yes             ; User Verilog HDL File  ; E:/学习/数字电路/数电课设/VendingMachine_Git/VendingMachine.v           ;
; InitializeModule.v               ; yes             ; User Verilog HDL File  ; E:/学习/数字电路/数电课设/VendingMachine_Git/InitializeModule.v         ;
; DisplayModule.v                  ; yes             ; User Verilog HDL File  ; E:/学习/数字电路/数电课设/VendingMachine_Git/DisplayModule.v            ;
; VendingMachineController.v       ; yes             ; User Verilog HDL File  ; E:/学习/数字电路/数电课设/VendingMachine_Git/VendingMachineController.v ;
; CoinDetector.v                   ; yes             ; User Verilog HDL File  ; E:/学习/数字电路/数电课设/VendingMachine_Git/CoinDetector.v             ;
; clk_1hz.v                        ; yes             ; User Verilog HDL File  ; E:/学习/数字电路/数电课设/VendingMachine_Git/clk_1hz.v                  ;
; Product_codetoprice.v            ; yes             ; User Verilog HDL File  ; E:/学习/数字电路/数电课设/VendingMachine_Git/Product_codetoprice.v      ;
; SecondsDetector.v                ; yes             ; User Verilog HDL File  ; E:/学习/数字电路/数电课设/VendingMachine_Git/SecondsDetector.v          ;
; TotalZero.v                      ; yes             ; User Verilog HDL File  ; E:/学习/数字电路/数电课设/VendingMachine_Git/TotalZero.v                ;
+----------------------------------+-----------------+------------------------+-------------------------------------------------------------------------+


+-----------------------------------------------------+
; Analysis & Synthesis Resource Usage Summary         ;
+---------------------------------------------+-------+
; Resource                                    ; Usage ;
+---------------------------------------------+-------+
; Estimated Total logic elements              ; 108   ;
;                                             ;       ;
; Total combinational functions               ; 103   ;
; Logic element usage by number of LUT inputs ;       ;
;     -- 4 input functions                    ; 40    ;
;     -- 3 input functions                    ; 33    ;
;     -- <=2 input functions                  ; 30    ;
;                                             ;       ;
; Logic elements by mode                      ;       ;
;     -- normal mode                          ; 92    ;
;     -- arithmetic mode                      ; 11    ;
;                                             ;       ;
; Total registers                             ; 66    ;
;     -- Dedicated logic registers            ; 66    ;
;     -- I/O registers                        ; 0     ;
;                                             ;       ;
; I/O pins                                    ; 87    ;
; Maximum fan-out node                        ; clk   ;
; Maximum fan-out                             ; 36    ;
; Total fan-out                               ; 508   ;
; Average fan-out                             ; 1.98  ;
+---------------------------------------------+-------+


+---------------------------------------------------------------------------------------------------------------------------------------------------------------------------------------------------------------------------+
; Analysis & Synthesis Resource Utilization by Entity                                                                                                                                                                       ;
+------------------------------------------+-------------------+--------------+-------------+--------------+---------+-----------+------+--------------+-----------------------------------------------------+--------------+
; Compilation Hierarchy Node               ; LC Combinationals ; LC Registers ; Memory Bits ; DSP Elements ; DSP 9x9 ; DSP 18x18 ; Pins ; Virtual Pins ; Full Hierarchy Name                                 ; Library Name ;
+------------------------------------------+-------------------+--------------+-------------+--------------+---------+-----------+------+--------------+-----------------------------------------------------+--------------+
; |VendingMachine                          ; 103 (0)           ; 66 (0)       ; 0           ; 0            ; 0       ; 0         ; 87   ; 0            ; |VendingMachine                                     ; work         ;
;    |CoinDetector:coin_detector|          ; 4 (4)             ; 4 (4)        ; 0           ; 0            ; 0       ; 0         ; 0    ; 0            ; |VendingMachine|CoinDetector:coin_detector          ;              ;
;    |InitializeModule:initializer|        ; 0 (0)             ; 1 (1)        ; 0           ; 0            ; 0       ; 0         ; 0    ; 0            ; |VendingMachine|InitializeModule:initializer        ;              ;
;    |Product_codetoprice:comb_11|         ; 4 (4)             ; 4 (4)        ; 0           ; 0            ; 0       ; 0         ; 0    ; 0            ; |VendingMachine|Product_codetoprice:comb_11         ;              ;
;    |SecondsDetector:comb_13|             ; 3 (3)             ; 3 (3)        ; 0           ; 0            ; 0       ; 0         ; 0    ; 0            ; |VendingMachine|SecondsDetector:comb_13             ;              ;
;    |SecondsDetector:comb_14|             ; 3 (3)             ; 3 (3)        ; 0           ; 0            ; 0       ; 0         ; 0    ; 0            ; |VendingMachine|SecondsDetector:comb_14             ;              ;
;    |VendingMachineController:controller| ; 58 (58)           ; 21 (21)      ; 0           ; 0            ; 0       ; 0         ; 0    ; 0            ; |VendingMachine|VendingMachineController:controller ;              ;
;    |clk_1hz:clk1|                        ; 31 (0)            ; 30 (0)       ; 0           ; 0            ; 0       ; 0         ; 0    ; 0            ; |VendingMachine|clk_1hz:clk1                        ;              ;
;       |divide_by_10:d0|                  ; 4 (4)             ; 4 (4)        ; 0           ; 0            ; 0       ; 0         ; 0    ; 0            ; |VendingMachine|clk_1hz:clk1|divide_by_10:d0        ;              ;
;       |divide_by_10:d1|                  ; 4 (4)             ; 4 (4)        ; 0           ; 0            ; 0       ; 0         ; 0    ; 0            ; |VendingMachine|clk_1hz:clk1|divide_by_10:d1        ;              ;
;       |divide_by_10:d2|                  ; 4 (4)             ; 4 (4)        ; 0           ; 0            ; 0       ; 0         ; 0    ; 0            ; |VendingMachine|clk_1hz:clk1|divide_by_10:d2        ;              ;
;       |divide_by_10:d3|                  ; 4 (4)             ; 4 (4)        ; 0           ; 0            ; 0       ; 0         ; 0    ; 0            ; |VendingMachine|clk_1hz:clk1|divide_by_10:d3        ;              ;
;       |divide_by_10:d4|                  ; 4 (4)             ; 4 (4)        ; 0           ; 0            ; 0       ; 0         ; 0    ; 0            ; |VendingMachine|clk_1hz:clk1|divide_by_10:d4        ;              ;
;       |divide_by_10:d5|                  ; 4 (4)             ; 4 (4)        ; 0           ; 0            ; 0       ; 0         ; 0    ; 0            ; |VendingMachine|clk_1hz:clk1|divide_by_10:d5        ;              ;
;       |divide_by_50:d6|                  ; 7 (7)             ; 6 (6)        ; 0           ; 0            ; 0       ; 0         ; 0    ; 0            ; |VendingMachine|clk_1hz:clk1|divide_by_50:d6        ;              ;
+------------------------------------------+-------------------+--------------+-------------+--------------+---------+-----------+------+--------------+-----------------------------------------------------+--------------+
Note: For table entries with two numbers listed, the numbers in parentheses indicate the number of resources of the given type used by the specific entity alone. The numbers listed outside of parentheses indicate the total resources of the given type used by the specific entity and all of its sub-entities in the hierarchy.


Encoding Type:  One-Hot
+---------------------------------------------------------------------------+
; State Machine - |VendingMachine|VendingMachineController:controller|state ;
+----------+----------+----------+----------+-------------------------------+
; Name     ; state.11 ; state.10 ; state.01 ; state.00                      ;
+----------+----------+----------+----------+-------------------------------+
; state.00 ; 0        ; 0        ; 0        ; 0                             ;
; state.01 ; 0        ; 0        ; 1        ; 1                             ;
; state.10 ; 0        ; 1        ; 0        ; 1                             ;
; state.11 ; 1        ; 0        ; 0        ; 1                             ;
+----------+----------+----------+----------+-------------------------------+


+------------------------------------------------------------------------------------------------+
; Registers Removed During Synthesis                                                             ;
+-------------------------------------------------------+----------------------------------------+
; Register name                                         ; Reason for Removal                     ;
+-------------------------------------------------------+----------------------------------------+
; CoinDetector:coin_detector|coin_value[4..7]           ; Stuck at GND due to stuck port data_in ;
; Product_codetoprice:comb_11|product_price[4..7]       ; Stuck at GND due to stuck port data_in ;
; VendingMachineController:controller|coin_temp[4..7]   ; Stuck at GND due to stuck port data_in ;
; VendingMachineController:controller|state~6           ; Lost fanout                            ;
; VendingMachineController:controller|state~7           ; Lost fanout                            ;
; VendingMachineController:controller|change[0..7]      ; Lost fanout                            ;
; VendingMachineController:controller|total_sales[0..7] ; Lost fanout                            ;
; TotalZero:comb_12|sales_total_flag                    ; Lost fanout                            ;
; Total Number of Removed Registers = 31                ;                                        ;
+-------------------------------------------------------+----------------------------------------+


+------------------------------------------------------+
; General Register Statistics                          ;
+----------------------------------------------+-------+
; Statistic                                    ; Value ;
+----------------------------------------------+-------+
; Total registers                              ; 66    ;
; Number of registers using Synchronous Clear  ; 14    ;
; Number of registers using Synchronous Load   ; 0     ;
; Number of registers using Asynchronous Clear ; 30    ;
; Number of registers using Asynchronous Load  ; 0     ;
; Number of registers using Clock Enable       ; 11    ;
; Number of registers using Preset             ; 0     ;
+----------------------------------------------+-------+


+-------------------------------------------------------------------------------------------------------------------------------------------------------------------------------------+
; Multiplexer Restructuring Statistics (Restructuring Performed)                                                                                                                      ;
+--------------------+-----------+---------------+----------------------+------------------------+------------+-----------------------------------------------------------------------+
; Multiplexer Inputs ; Bus Width ; Baseline Area ; Area if Restructured ; Saving if Restructured ; Registered ; Example Multiplexer Output                                            ;
+--------------------+-----------+---------------+----------------------+------------------------+------------+-----------------------------------------------------------------------+
; 3:1                ; 2 bits    ; 4 LEs         ; 2 LEs                ; 2 LEs                  ; Yes        ; |VendingMachine|SecondsDetector:comb_13|cnt[1]                        ;
; 3:1                ; 2 bits    ; 4 LEs         ; 2 LEs                ; 2 LEs                  ; Yes        ; |VendingMachine|SecondsDetector:comb_14|cnt[0]                        ;
; 4:1                ; 8 bits    ; 16 LEs        ; 8 LEs                ; 8 LEs                  ; Yes        ; |VendingMachine|VendingMachineController:controller|total_sales[7]    ;
; 3:1                ; 8 bits    ; 16 LEs        ; 8 LEs                ; 8 LEs                  ; No         ; |VendingMachine|VendingMachineController:controller|coin_total        ;
; 3:1                ; 8 bits    ; 16 LEs        ; 16 LEs               ; 0 LEs                  ; No         ; |VendingMachine|VendingMachineController:controller|change            ;
; 18:1               ; 4 bits    ; 48 LEs        ; 12 LEs               ; 36 LEs                 ; No         ; |VendingMachine|VendingMachineController:controller|product_dispensed ;
; 9:1                ; 2 bits    ; 12 LEs        ; 4 LEs                ; 8 LEs                  ; No         ; |VendingMachine|VendingMachineController:controller|state             ;
; 9:1                ; 2 bits    ; 12 LEs        ; 4 LEs                ; 8 LEs                  ; No         ; |VendingMachine|VendingMachineController:controller|state             ;
+--------------------+-----------+---------------+----------------------+------------------------+------------+-----------------------------------------------------------------------+


+------------------------------------------------------------------------------------------------------------------------------------------------------------------------------------------+
; Port Connectivity Checks: "VendingMachineController:controller"                                                                                                                          ;
+---------------+-------+----------+-------------------------------------------------------------------------------------------------------------------------------------------------------+
; Port          ; Type  ; Severity ; Details                                                                                                                                               ;
+---------------+-------+----------+-------------------------------------------------------------------------------------------------------------------------------------------------------+
; bussines_flag ; Input ; Warning  ; Input port expression (1 bits) is smaller than the input port (4 bits) it drives.  Extra input bit(s) "bussines_flag[3..1]" will be connected to GND. ;
+---------------+-------+----------+-------------------------------------------------------------------------------------------------------------------------------------------------------+


+-------------------------------+
; Analysis & Synthesis Messages ;
+-------------------------------+
Info: *******************************************************************
Info: Running Quartus II Analysis & Synthesis
    Info: Version 9.1 Build 350 03/24/2010 Service Pack 2 SJ Web Edition
    Info: Processing started: Fri Sep 08 10:10:51 2023
Info: Command: quartus_map --read_settings_files=on --write_settings_files=off VendingMachine -c VendingMachine
Info: Found 1 design units, including 1 entities, in source file vendingmachine.v
    Info: Found entity 1: VendingMachine
Info: Found 1 design units, including 1 entities, in source file changemodule.v
    Info: Found entity 1: ChangeModule
Info: Found 1 design units, including 1 entities, in source file initializemodule.v
    Info: Found entity 1: InitializeModule
Info: Found 1 design units, including 1 entities, in source file displaymodule.v
    Info: Found entity 1: DisplayModule
Info: Found 1 design units, including 1 entities, in source file salestotalreset.v
    Info: Found entity 1: SalesTotalReset
Info: Found 1 design units, including 1 entities, in source file vendingmachinecontroller.v
    Info: Found entity 1: VendingMachineController
Info: Found 1 design units, including 1 entities, in source file clockdivider.v
    Info: Found entity 1: ClockDivider
Info: Found 1 design units, including 1 entities, in source file coindetector.v
    Info: Found entity 1: CoinDetector
Warning (10238): Verilog Module Declaration warning at clk_1hz.v(21): ignored anonymous port(s) indicated by duplicate or dangling comma(s) in the port list for module "divide_by_10"
Info: Found 3 design units, including 3 entities, in source file clk_1hz.v
    Info: Found entity 1: clk_1hz
    Info: Found entity 2: divide_by_10
    Info: Found entity 3: divide_by_50
Info: Found 1 design units, including 1 entities, in source file product_codetoprice.v
    Info: Found entity 1: Product_codetoprice
Info: Found 1 design units, including 1 entities, in source file secondsdetector.v
    Info: Found entity 1: SecondsDetector
Info: Found 1 design units, including 1 entities, in source file totalzero.v
    Info: Found entity 1: TotalZero
Critical Warning (10846): Verilog HDL Instantiation warning at VendingMachine.v(44): instance has no name
Critical Warning (10846): Verilog HDL Instantiation warning at VendingMachine.v(56): instance has no name
Critical Warning (10846): Verilog HDL Instantiation warning at VendingMachine.v(60): instance has no name
Critical Warning (10846): Verilog HDL Instantiation warning at VendingMachine.v(62): instance has no name
Info: Elaborating entity "VendingMachine" for the top level hierarchy
Warning (10034): Output port "initialized_value" at VendingMachine.v(21) has no driver
Info: Elaborating entity "clk_1hz" for hierarchy "clk_1hz:clk1"
Info: Elaborating entity "divide_by_50" for hierarchy "clk_1hz:clk1|divide_by_50:d6"
Info: Elaborating entity "divide_by_10" for hierarchy "clk_1hz:clk1|divide_by_10:d5"
Info: Elaborating entity "Product_codetoprice" for hierarchy "Product_codetoprice:comb_11"
Info (10264): Verilog HDL Case Statement information at Product_codetoprice.v(9): all case item expressions in this case statement are onehot
Info: Elaborating entity "CoinDetector" for hierarchy "CoinDetector:coin_detector"
Info (10264): Verilog HDL Case Statement information at CoinDetector.v(11): all case item expressions in this case statement are onehot
Info: Elaborating entity "TotalZero" for hierarchy "TotalZero:comb_12"
Info: Elaborating entity "SecondsDetector" for hierarchy "SecondsDetector:comb_13"
Warning (10230): Verilog HDL assignment warning at SecondsDetector.v(19): truncated value with size 32 to match size of target (2)
Info: Elaborating entity "VendingMachineController" for hierarchy "VendingMachineController:controller"
Info: Elaborating entity "DisplayModule" for hierarchy "DisplayModule:display"
Warning (10858): Verilog HDL warning at DisplayModule.v(12): object seven_segment_map used but never assigned
Warning (10230): Verilog HDL assignment warning at DisplayModule.v(9): truncated value with size 32 to match size of target (4)
Warning (10230): Verilog HDL assignment warning at DisplayModule.v(10): truncated value with size 32 to match size of target (4)
Info: Elaborating entity "InitializeModule" for hierarchy "InitializeModule:initializer"
Warning: 1 hierarchies have connectivity warnings - see the Connectivity Checks report folder
Warning: Output pins are stuck at VCC or GND
    Warning (13410): Pin "display_segments[0]" is stuck at GND
    Warning (13410): Pin "display_segments[1]" is stuck at GND
    Warning (13410): Pin "display_segments[2]" is stuck at GND
    Warning (13410): Pin "display_segments[3]" is stuck at GND
    Warning (13410): Pin "display_segments[4]" is stuck at GND
    Warning (13410): Pin "display_segments[5]" is stuck at GND
    Warning (13410): Pin "display_segments[6]" is stuck at GND
    Warning (13410): Pin "display_segments[7]" is stuck at GND
    Warning (13410): Pin "display_segments[8]" is stuck at GND
    Warning (13410): Pin "display_segments[9]" is stuck at GND
    Warning (13410): Pin "display_segments[10]" is stuck at GND
    Warning (13410): Pin "display_segments[11]" is stuck at GND
    Warning (13410): Pin "display_segments[12]" is stuck at GND
    Warning (13410): Pin "display_segments[13]" is stuck at GND
    Warning (13410): Pin "display_segments_code[0]" is stuck at GND
    Warning (13410): Pin "display_segments_code[1]" is stuck at GND
    Warning (13410): Pin "display_segments_code[2]" is stuck at GND
    Warning (13410): Pin "display_segments_code[3]" is stuck at GND
    Warning (13410): Pin "display_segments_code[4]" is stuck at GND
    Warning (13410): Pin "display_segments_code[5]" is stuck at GND
    Warning (13410): Pin "display_segments_code[6]" is stuck at GND
    Warning (13410): Pin "display_segments_code[7]" is stuck at GND
    Warning (13410): Pin "display_segments_code[8]" is stuck at GND
    Warning (13410): Pin "display_segments_code[9]" is stuck at GND
    Warning (13410): Pin "display_segments_code[10]" is stuck at GND
    Warning (13410): Pin "display_segments_code[11]" is stuck at GND
    Warning (13410): Pin "display_segments_code[12]" is stuck at GND
    Warning (13410): Pin "display_segments_code[13]" is stuck at GND
    Warning (13410): Pin "display_change[0]" is stuck at GND
    Warning (13410): Pin "display_change[1]" is stuck at GND
    Warning (13410): Pin "display_change[2]" is stuck at GND
    Warning (13410): Pin "display_change[3]" is stuck at GND
    Warning (13410): Pin "display_change[4]" is stuck at GND
    Warning (13410): Pin "display_change[5]" is stuck at GND
    Warning (13410): Pin "display_change[6]" is stuck at GND
    Warning (13410): Pin "display_change[7]" is stuck at GND
    Warning (13410): Pin "display_change[8]" is stuck at GND
    Warning (13410): Pin "display_change[9]" is stuck at GND
    Warning (13410): Pin "display_change[10]" is stuck at GND
    Warning (13410): Pin "display_change[11]" is stuck at GND
    Warning (13410): Pin "display_change[12]" is stuck at GND
    Warning (13410): Pin "display_change[13]" is stuck at GND
    Warning (13410): Pin "display_sellingAmount[0]" is stuck at GND
    Warning (13410): Pin "display_sellingAmount[1]" is stuck at GND
    Warning (13410): Pin "display_sellingAmount[2]" is stuck at GND
    Warning (13410): Pin "display_sellingAmount[3]" is stuck at GND
    Warning (13410): Pin "display_sellingAmount[4]" is stuck at GND
    Warning (13410): Pin "display_sellingAmount[5]" is stuck at GND
    Warning (13410): Pin "display_sellingAmount[6]" is stuck at GND
    Warning (13410): Pin "display_sellingAmount[7]" is stuck at GND
    Warning (13410): Pin "display_sellingAmount[8]" is stuck at GND
    Warning (13410): Pin "display_sellingAmount[9]" is stuck at GND
    Warning (13410): Pin "display_sellingAmount[10]" is stuck at GND
    Warning (13410): Pin "display_sellingAmount[11]" is stuck at GND
    Warning (13410): Pin "display_sellingAmount[12]" is stuck at GND
    Warning (13410): Pin "display_sellingAmount[13]" is stuck at GND
    Warning (13410): Pin "initialized_value[0]" is stuck at GND
    Warning (13410): Pin "initialized_value[1]" is stuck at GND
    Warning (13410): Pin "initialized_value[2]" is stuck at GND
    Warning (13410): Pin "initialized_value[3]" is stuck at GND
    Warning (13410): Pin "dt_zero[0]" is stuck at VCC
    Warning (13410): Pin "dt_zero[1]" is stuck at VCC
    Warning (13410): Pin "dt_zero[2]" is stuck at VCC
    Warning (13410): Pin "dt_zero[3]" is stuck at VCC
    Warning (13410): Pin "dt_zero[4]" is stuck at VCC
    Warning (13410): Pin "dt_zero[5]" is stuck at VCC
    Warning (13410): Pin "dt_zero[6]" is stuck at VCC
    Warning (13410): Pin "dt_zero[7]" is stuck at VCC
Info: 19 registers lost all their fanouts during netlist optimizations. The first 19 are displayed below.
    Info: Register "VendingMachineController:controller|state~6" lost all its fanouts during netlist optimizations.
    Info: Register "VendingMachineController:controller|state~7" lost all its fanouts during netlist optimizations.
    Info: Register "VendingMachineController:controller|change[7]" lost all its fanouts during netlist optimizations.
    Info: Register "VendingMachineController:controller|change[6]" lost all its fanouts during netlist optimizations.
    Info: Register "VendingMachineController:controller|change[5]" lost all its fanouts during netlist optimizations.
    Info: Register "VendingMachineController:controller|change[4]" lost all its fanouts during netlist optimizations.
    Info: Register "VendingMachineController:controller|change[3]" lost all its fanouts during netlist optimizations.
    Info: Register "VendingMachineController:controller|change[2]" lost all its fanouts during netlist optimizations.
    Info: Register "VendingMachineController:controller|change[1]" lost all its fanouts during netlist optimizations.
    Info: Register "VendingMachineController:controller|change[0]" lost all its fanouts during netlist optimizations.
    Info: Register "VendingMachineController:controller|total_sales[7]" lost all its fanouts during netlist optimizations.
    Info: Register "VendingMachineController:controller|total_sales[6]" lost all its fanouts during netlist optimizations.
    Info: Register "VendingMachineController:controller|total_sales[5]" lost all its fanouts during netlist optimizations.
    Info: Register "VendingMachineController:controller|total_sales[4]" lost all its fanouts during netlist optimizations.
    Info: Register "VendingMachineController:controller|total_sales[3]" lost all its fanouts during netlist optimizations.
    Info: Register "VendingMachineController:controller|total_sales[2]" lost all its fanouts during netlist optimizations.
    Info: Register "VendingMachineController:controller|total_sales[1]" lost all its fanouts during netlist optimizations.
    Info: Register "VendingMachineController:controller|total_sales[0]" lost all its fanouts during netlist optimizations.
    Info: Register "TotalZero:comb_12|sales_total_flag" lost all its fanouts during netlist optimizations.
Warning: Design contains 1 input pin(s) that do not drive logic
    Warning (15610): No output dependent on input pin "reset_button"
Info: Implemented 195 device resources after synthesis - the final resource count might be different
    Info: Implemented 14 input pins
    Info: Implemented 73 output pins
    Info: Implemented 108 logic cells
Info: Quartus II Analysis & Synthesis was successful. 0 errors, 82 warnings
    Info: Peak virtual memory: 229 megabytes
    Info: Processing ended: Fri Sep 08 10:10:52 2023
    Info: Elapsed time: 00:00:01
    Info: Total CPU time (on all processors): 00:00:00


